<?xml version="1.0" encoding="UTF-8"?>
<!-- Generated by org.testng.reporters.JUnitReportReporter -->
<testsuite hostname="Ivans-MacBook-Pro.local" failures="0" tests="4" name="baseTests.CreatePost" time="0.233" errors="0" timestamp="2024-11-11T21:20:58 EET" skipped="0">
  <testcase classname="baseTests.CreatePost" name="testCreateUser" time="0.061"/>
  <testcase classname="baseTests.CreatePost" name="testLogIn" time="0.061"/>
  <testcase classname="baseTests.CreatePost" name="testCreatePost" time="0.093"/>
  <testcase classname="baseTests.CreatePost" name="testDeletePost" time="0.018"/>
</testsuite> <!-- baseTests.CreatePost -->
