<?xml version="1.0" encoding="UTF-8"?>
<!-- Generated by org.testng.reporters.JUnitReportReporter -->
<testsuite hostname="Ivans-MacBook-Pro.local" failures="0" tests="7" name="baseTests.FriendRequest" time="0.345" errors="0" timestamp="2024-11-11T21:20:58 EET" skipped="0">
  <testcase classname="baseTests.FriendRequest" name="testCreateUser" time="0.065"/>
  <testcase classname="baseTests.FriendRequest" name="testLogIn" time="0.079"/>
  <testcase classname="baseTests.FriendRequest" name="testCreateUser2" time="0.097"/>
  <testcase classname="baseTests.FriendRequest" name="testSendRequest" time="0.013"/>
  <testcase classname="baseTests.FriendRequest" name="testLogInUser2" time="0.061"/>
  <testcase classname="baseTests.FriendRequest" name="testGetRequestUser2" time="0.020"/>
  <testcase classname="baseTests.FriendRequest" name="testApproveRequest" time="0.010"/>
</testsuite> <!-- baseTests.FriendRequest -->
