<?xml version="1.0" encoding="UTF-8"?>
<!-- Generated by org.testng.reporters.JUnitReportReporter -->
<testsuite hostname="Ivans-MacBook-Pro.local" failures="0" tests="8" name="baseTests.LikePost" time="0.591" errors="0" timestamp="2024-11-11T21:20:58 EET" skipped="0">
  <testcase classname="baseTests.LikePost" name="testCreateUser" time="0.066"/>
  <testcase classname="baseTests.LikePost" name="testLogIn" time="0.173"/>
  <testcase classname="baseTests.LikePost" name="testCreatePost" time="0.068"/>
  <testcase classname="baseTests.LikePost" name="testCreateUser2" time="0.065"/>
  <testcase classname="baseTests.LikePost" name="testLogInUser2" time="0.061"/>
  <testcase classname="baseTests.LikePost" name="testCreateCommentPost" time="0.041"/>
  <testcase classname="baseTests.LikePost" name="testLikePost" time="0.098"/>
  <testcase classname="baseTests.LikePost" name="testDeletePost" time="0.019"/>
</testsuite> <!-- baseTests.LikePost -->
