<?xml version="1.0" encoding="UTF-8"?>
<!-- Generated by org.testng.reporters.JUnitReportReporter -->
<testsuite hostname="Ivans-MacBook-Pro.local" failures="0" tests="7" name="baseTests.CreateComment" time="0.327" errors="0" timestamp="2024-11-11T21:20:58 EET" skipped="0">
  <testcase classname="baseTests.CreateComment" name="testCreateUser" time="0.064"/>
  <testcase classname="baseTests.CreateComment" name="testLogIn" time="0.059"/>
  <testcase classname="baseTests.CreateComment" name="testCreatePost" time="0.033"/>
  <testcase classname="baseTests.CreateComment" name="testCreateUser2" time="0.062"/>
  <testcase classname="baseTests.CreateComment" name="testLogInUser2" time="0.054"/>
  <testcase classname="baseTests.CreateComment" name="testCreateCommentPost" time="0.045"/>
  <testcase classname="baseTests.CreateComment" name="testDeletePost" time="0.010"/>
</testsuite> <!-- baseTests.CreateComment -->
