<?xml version="1.0" encoding="UTF-8"?>
<!-- Generated by org.testng.reporters.JUnitReportReporter -->
<testsuite hostname="Ivans-MacBook-Pro.local" failures="0" tests="5" name="baseTests.CreateUsers" time="0.878" errors="0" timestamp="2024-11-11T21:20:58 EET" skipped="0">
  <testcase classname="baseTests.CreateUsers" name="testCreateUser" time="0.503"/>
  <testcase classname="baseTests.CreateUsers" name="testLogIn" time="0.071"/>
  <testcase classname="baseTests.CreateUsers" name="testUpdateUserPersonalInfo" time="0.188"/>
  <testcase classname="baseTests.CreateUsers" name="testCreateUser2" time="0.074"/>
  <testcase classname="baseTests.CreateUsers" name="testGetAllUsers" time="0.042"/>
</testsuite> <!-- baseTests.CreateUsers -->
