<?xml version="1.0" encoding="UTF-8"?>
<testsuite xmlns:xsi="http://www.w3.org/2001/XMLSchema-instance" xsi:noNamespaceSchemaLocation="https://maven.apache.org/surefire/maven-surefire-plugin/xsd/surefire-test-report-3.0.xsd" version="3.0" name="TestSuite" time="2.821" tests="31" errors="0" skipped="0" failures="0">
  <properties>
    <property name="surefire.suiteXmlFiles" value="/Users/ivanvelchev/Downloads/Social-Network-Project-main-2/Demo-Social-Network-Project-main-3/REST Assured - A61-TEAM I/src/test/resources/main-suite.xml"/>
    <property name="java.specification.version" value="23"/>
    <property name="sun.jnu.encoding" value="UTF-8"/>
    <property name="java.class.path" value="/Users/ivanvelchev/Downloads/Social-Network-Project-main-2/Demo-Social-Network-Project-main-3/REST Assured - A61-TEAM I/target/test-classes:/Users/ivanvelchev/Downloads/Social-Network-Project-main-2/Demo-Social-Network-Project-main-3/REST Assured - A61-TEAM I/target/classes:/Users/ivanvelchev/.m2/repository/junit/junit/4.13.2/junit-4.13.2.jar:/Users/ivanvelchev/.m2/repository/org/hamcrest/hamcrest-core/1.3/hamcrest-core-1.3.jar:/Users/ivanvelchev/.m2/repository/io/rest-assured/rest-assured/5.5.0/rest-assured-5.5.0.jar:/Users/ivanvelchev/.m2/repository/org/apache/groovy/groovy/4.0.22/groovy-4.0.22.jar:/Users/ivanvelchev/.m2/repository/org/apache/groovy/groovy-xml/4.0.22/groovy-xml-4.0.22.jar:/Users/ivanvelchev/.m2/repository/org/apache/httpcomponents/httpclient/4.5.13/httpclient-4.5.13.jar:/Users/ivanvelchev/.m2/repository/org/apache/httpcomponents/httpcore/4.4.13/httpcore-4.4.13.jar:/Users/ivanvelchev/.m2/repository/commons-logging/commons-logging/1.2/commons-logging-1.2.jar:/Users/ivanvelchev/.m2/repository/org/apache/httpcomponents/httpmime/4.5.13/httpmime-4.5.13.jar:/Users/ivanvelchev/.m2/repository/org/hamcrest/hamcrest/2.2/hamcrest-2.2.jar:/Users/ivanvelchev/.m2/repository/org/ccil/cowan/tagsoup/tagsoup/1.2.1/tagsoup-1.2.1.jar:/Users/ivanvelchev/.m2/repository/io/rest-assured/json-path/5.5.0/json-path-5.5.0.jar:/Users/ivanvelchev/.m2/repository/org/apache/groovy/groovy-json/4.0.22/groovy-json-4.0.22.jar:/Users/ivanvelchev/.m2/repository/io/rest-assured/rest-assured-common/5.5.0/rest-assured-common-5.5.0.jar:/Users/ivanvelchev/.m2/repository/io/rest-assured/xml-path/5.5.0/xml-path-5.5.0.jar:/Users/ivanvelchev/.m2/repository/org/testng/testng/7.8.0/testng-7.8.0.jar:/Users/ivanvelchev/.m2/repository/org/slf4j/slf4j-api/1.7.36/slf4j-api-1.7.36.jar:/Users/ivanvelchev/.m2/repository/com/beust/jcommander/1.82/jcommander-1.82.jar:/Users/ivanvelchev/.m2/repository/org/webjars/jquery/3.6.1/jquery-3.6.1.jar:/Users/ivanvelchev/.m2/repository/org/apache/cassandra/cassandra-all/0.8.1/cassandra-all-0.8.1.jar:/Users/ivanvelchev/.m2/repository/com/google/guava/guava/r08/guava-r08.jar:/Users/ivanvelchev/.m2/repository/commons-cli/commons-cli/1.1/commons-cli-1.1.jar:/Users/ivanvelchev/.m2/repository/commons-codec/commons-codec/1.2/commons-codec-1.2.jar:/Users/ivanvelchev/.m2/repository/commons-collections/commons-collections/3.2.1/commons-collections-3.2.1.jar:/Users/ivanvelchev/.m2/repository/commons-lang/commons-lang/2.4/commons-lang-2.4.jar:/Users/ivanvelchev/.m2/repository/com/googlecode/concurrentlinkedhashmap/concurrentlinkedhashmap-lru/1.1/concurrentlinkedhashmap-lru-1.1.jar:/Users/ivanvelchev/.m2/repository/org/antlr/antlr/3.2/antlr-3.2.jar:/Users/ivanvelchev/.m2/repository/org/antlr/antlr-runtime/3.2/antlr-runtime-3.2.jar:/Users/ivanvelchev/.m2/repository/org/antlr/stringtemplate/3.2/stringtemplate-3.2.jar:/Users/ivanvelchev/.m2/repository/antlr/antlr/2.7.7/antlr-2.7.7.jar:/Users/ivanvelchev/.m2/repository/org/apache/cassandra/deps/avro/1.4.0-cassandra-1/avro-1.4.0-cassandra-1.jar:/Users/ivanvelchev/.m2/repository/org/mortbay/jetty/jetty/6.1.22/jetty-6.1.22.jar:/Users/ivanvelchev/.m2/repository/org/mortbay/jetty/jetty-util/6.1.22/jetty-util-6.1.22.jar:/Users/ivanvelchev/.m2/repository/org/mortbay/jetty/servlet-api/2.5-20081211/servlet-api-2.5-20081211.jar:/Users/ivanvelchev/.m2/repository/org/codehaus/jackson/jackson-core-asl/1.4.0/jackson-core-asl-1.4.0.jar:/Users/ivanvelchev/.m2/repository/org/codehaus/jackson/jackson-mapper-asl/1.4.0/jackson-mapper-asl-1.4.0.jar:/Users/ivanvelchev/.m2/repository/jline/jline/0.9.94/jline-0.9.94.jar:/Users/ivanvelchev/.m2/repository/com/googlecode/json-simple/json-simple/1.1/json-simple-1.1.jar:/Users/ivanvelchev/.m2/repository/com/github/stephenc/high-scale-lib/high-scale-lib/1.1.2/high-scale-lib-1.1.2.jar:/Users/ivanvelchev/.m2/repository/org/apache/thrift/libthrift/0.6.1/libthrift-0.6.1.jar:/Users/ivanvelchev/.m2/repository/javax/servlet/servlet-api/2.5/servlet-api-2.5.jar:/Users/ivanvelchev/.m2/repository/org/apache/cassandra/cassandra-thrift/0.8.1/cassandra-thrift-0.8.1.jar:/Users/ivanvelchev/.m2/repository/com/github/stephenc/jamm/0.2.2/jamm-0.2.2.jar:/Users/ivanvelchev/.m2/repository/ch/qos/logback/logback-classic/1.2.11/logback-classic-1.2.11.jar:/Users/ivanvelchev/.m2/repository/ch/qos/logback/logback-core/1.2.11/logback-core-1.2.11.jar:/Users/ivanvelchev/.m2/repository/com/github/javafaker/javafaker/1.0.2/javafaker-1.0.2.jar:/Users/ivanvelchev/.m2/repository/org/apache/commons/commons-lang3/3.5/commons-lang3-3.5.jar:/Users/ivanvelchev/.m2/repository/org/yaml/snakeyaml/1.23/snakeyaml-1.23-android.jar:/Users/ivanvelchev/.m2/repository/com/github/mifmif/generex/1.0.2/generex-1.0.2.jar:/Users/ivanvelchev/.m2/repository/dk/brics/automaton/automaton/1.11-8/automaton-1.11-8.jar:/Users/ivanvelchev/.m2/repository/org/jsoup/jsoup/1.14.3/jsoup-1.14.3.jar:/Users/ivanvelchev/.m2/repository/org/yaml/snakeyaml/1.26/snakeyaml-1.26.jar:/Users/ivanvelchev/.m2/repository/io/qameta/allure/allure-testng/2.13.8/allure-testng-2.13.8.jar:/Users/ivanvelchev/.m2/repository/io/qameta/allure/allure-java-commons/2.13.8/allure-java-commons-2.13.8.jar:/Users/ivanvelchev/.m2/repository/io/qameta/allure/allure-model/2.13.8/allure-model-2.13.8.jar:/Users/ivanvelchev/.m2/repository/com/fasterxml/jackson/core/jackson-databind/2.11.3/jackson-databind-2.11.3.jar:/Users/ivanvelchev/.m2/repository/com/fasterxml/jackson/core/jackson-annotations/2.11.3/jackson-annotations-2.11.3.jar:/Users/ivanvelchev/.m2/repository/com/fasterxml/jackson/core/jackson-core/2.11.3/jackson-core-2.11.3.jar:/Users/ivanvelchev/.m2/repository/org/apache/tika/tika-core/1.24.1/tika-core-1.24.1.jar:/Users/ivanvelchev/.m2/repository/org/jooq/joor-java-8/0.9.13/joor-java-8-0.9.13.jar:"/>
    <property name="java.vm.vendor" value="Oracle Corporation"/>
    <property name="sun.arch.data.model" value="64"/>
    <property name="java.vendor.url" value="https://java.oracle.com/"/>
    <property name="user.timezone" value="Europe/Sofia"/>
    <property name="os.name" value="Mac OS X"/>
    <property name="java.vm.specification.version" value="23"/>
    <property name="sun.java.launcher" value="SUN_STANDARD"/>
    <property name="user.country" value="US"/>
    <property name="sun.boot.library.path" value="/Users/ivanvelchev/Library/Java/JavaVirtualMachines/openjdk-23/Contents/Home/lib"/>
    <property name="sun.java.command" value="/Users/ivanvelchev/Downloads/Social-Network-Project-main-2/Demo-Social-Network-Project-main-3/REST Assured - A61-TEAM I/target/surefire/surefirebooter7700540244052275328.jar /Users/ivanvelchev/Downloads/Social-Network-Project-main-2/Demo-Social-Network-Project-main-3/REST Assured - A61-TEAM I/target/surefire 2024-11-11T21-20-55_515-jvmRun1 surefire8135106463660828541tmp surefire_017388275805653035922tmp"/>
    <property name="http.nonProxyHosts" value="local|*.local|169.254/16|*.169.254/16"/>
    <property name="jdk.debug" value="release"/>
    <property name="surefire.test.class.path" value="/Users/ivanvelchev/Downloads/Social-Network-Project-main-2/Demo-Social-Network-Project-main-3/REST Assured - A61-TEAM I/target/test-classes:/Users/ivanvelchev/Downloads/Social-Network-Project-main-2/Demo-Social-Network-Project-main-3/REST Assured - A61-TEAM I/target/classes:/Users/ivanvelchev/.m2/repository/junit/junit/4.13.2/junit-4.13.2.jar:/Users/ivanvelchev/.m2/repository/org/hamcrest/hamcrest-core/1.3/hamcrest-core-1.3.jar:/Users/ivanvelchev/.m2/repository/io/rest-assured/rest-assured/5.5.0/rest-assured-5.5.0.jar:/Users/ivanvelchev/.m2/repository/org/apache/groovy/groovy/4.0.22/groovy-4.0.22.jar:/Users/ivanvelchev/.m2/repository/org/apache/groovy/groovy-xml/4.0.22/groovy-xml-4.0.22.jar:/Users/ivanvelchev/.m2/repository/org/apache/httpcomponents/httpclient/4.5.13/httpclient-4.5.13.jar:/Users/ivanvelchev/.m2/repository/org/apache/httpcomponents/httpcore/4.4.13/httpcore-4.4.13.jar:/Users/ivanvelchev/.m2/repository/commons-logging/commons-logging/1.2/commons-logging-1.2.jar:/Users/ivanvelchev/.m2/repository/org/apache/httpcomponents/httpmime/4.5.13/httpmime-4.5.13.jar:/Users/ivanvelchev/.m2/repository/org/hamcrest/hamcrest/2.2/hamcrest-2.2.jar:/Users/ivanvelchev/.m2/repository/org/ccil/cowan/tagsoup/tagsoup/1.2.1/tagsoup-1.2.1.jar:/Users/ivanvelchev/.m2/repository/io/rest-assured/json-path/5.5.0/json-path-5.5.0.jar:/Users/ivanvelchev/.m2/repository/org/apache/groovy/groovy-json/4.0.22/groovy-json-4.0.22.jar:/Users/ivanvelchev/.m2/repository/io/rest-assured/rest-assured-common/5.5.0/rest-assured-common-5.5.0.jar:/Users/ivanvelchev/.m2/repository/io/rest-assured/xml-path/5.5.0/xml-path-5.5.0.jar:/Users/ivanvelchev/.m2/repository/org/testng/testng/7.8.0/testng-7.8.0.jar:/Users/ivanvelchev/.m2/repository/org/slf4j/slf4j-api/1.7.36/slf4j-api-1.7.36.jar:/Users/ivanvelchev/.m2/repository/com/beust/jcommander/1.82/jcommander-1.82.jar:/Users/ivanvelchev/.m2/repository/org/webjars/jquery/3.6.1/jquery-3.6.1.jar:/Users/ivanvelchev/.m2/repository/org/apache/cassandra/cassandra-all/0.8.1/cassandra-all-0.8.1.jar:/Users/ivanvelchev/.m2/repository/com/google/guava/guava/r08/guava-r08.jar:/Users/ivanvelchev/.m2/repository/commons-cli/commons-cli/1.1/commons-cli-1.1.jar:/Users/ivanvelchev/.m2/repository/commons-codec/commons-codec/1.2/commons-codec-1.2.jar:/Users/ivanvelchev/.m2/repository/commons-collections/commons-collections/3.2.1/commons-collections-3.2.1.jar:/Users/ivanvelchev/.m2/repository/commons-lang/commons-lang/2.4/commons-lang-2.4.jar:/Users/ivanvelchev/.m2/repository/com/googlecode/concurrentlinkedhashmap/concurrentlinkedhashmap-lru/1.1/concurrentlinkedhashmap-lru-1.1.jar:/Users/ivanvelchev/.m2/repository/org/antlr/antlr/3.2/antlr-3.2.jar:/Users/ivanvelchev/.m2/repository/org/antlr/antlr-runtime/3.2/antlr-runtime-3.2.jar:/Users/ivanvelchev/.m2/repository/org/antlr/stringtemplate/3.2/stringtemplate-3.2.jar:/Users/ivanvelchev/.m2/repository/antlr/antlr/2.7.7/antlr-2.7.7.jar:/Users/ivanvelchev/.m2/repository/org/apache/cassandra/deps/avro/1.4.0-cassandra-1/avro-1.4.0-cassandra-1.jar:/Users/ivanvelchev/.m2/repository/org/mortbay/jetty/jetty/6.1.22/jetty-6.1.22.jar:/Users/ivanvelchev/.m2/repository/org/mortbay/jetty/jetty-util/6.1.22/jetty-util-6.1.22.jar:/Users/ivanvelchev/.m2/repository/org/mortbay/jetty/servlet-api/2.5-20081211/servlet-api-2.5-20081211.jar:/Users/ivanvelchev/.m2/repository/org/codehaus/jackson/jackson-core-asl/1.4.0/jackson-core-asl-1.4.0.jar:/Users/ivanvelchev/.m2/repository/org/codehaus/jackson/jackson-mapper-asl/1.4.0/jackson-mapper-asl-1.4.0.jar:/Users/ivanvelchev/.m2/repository/jline/jline/0.9.94/jline-0.9.94.jar:/Users/ivanvelchev/.m2/repository/com/googlecode/json-simple/json-simple/1.1/json-simple-1.1.jar:/Users/ivanvelchev/.m2/repository/com/github/stephenc/high-scale-lib/high-scale-lib/1.1.2/high-scale-lib-1.1.2.jar:/Users/ivanvelchev/.m2/repository/org/apache/thrift/libthrift/0.6.1/libthrift-0.6.1.jar:/Users/ivanvelchev/.m2/repository/javax/servlet/servlet-api/2.5/servlet-api-2.5.jar:/Users/ivanvelchev/.m2/repository/org/apache/cassandra/cassandra-thrift/0.8.1/cassandra-thrift-0.8.1.jar:/Users/ivanvelchev/.m2/repository/com/github/stephenc/jamm/0.2.2/jamm-0.2.2.jar:/Users/ivanvelchev/.m2/repository/ch/qos/logback/logback-classic/1.2.11/logback-classic-1.2.11.jar:/Users/ivanvelchev/.m2/repository/ch/qos/logback/logback-core/1.2.11/logback-core-1.2.11.jar:/Users/ivanvelchev/.m2/repository/com/github/javafaker/javafaker/1.0.2/javafaker-1.0.2.jar:/Users/ivanvelchev/.m2/repository/org/apache/commons/commons-lang3/3.5/commons-lang3-3.5.jar:/Users/ivanvelchev/.m2/repository/org/yaml/snakeyaml/1.23/snakeyaml-1.23-android.jar:/Users/ivanvelchev/.m2/repository/com/github/mifmif/generex/1.0.2/generex-1.0.2.jar:/Users/ivanvelchev/.m2/repository/dk/brics/automaton/automaton/1.11-8/automaton-1.11-8.jar:/Users/ivanvelchev/.m2/repository/org/jsoup/jsoup/1.14.3/jsoup-1.14.3.jar:/Users/ivanvelchev/.m2/repository/org/yaml/snakeyaml/1.26/snakeyaml-1.26.jar:/Users/ivanvelchev/.m2/repository/io/qameta/allure/allure-testng/2.13.8/allure-testng-2.13.8.jar:/Users/ivanvelchev/.m2/repository/io/qameta/allure/allure-java-commons/2.13.8/allure-java-commons-2.13.8.jar:/Users/ivanvelchev/.m2/repository/io/qameta/allure/allure-model/2.13.8/allure-model-2.13.8.jar:/Users/ivanvelchev/.m2/repository/com/fasterxml/jackson/core/jackson-databind/2.11.3/jackson-databind-2.11.3.jar:/Users/ivanvelchev/.m2/repository/com/fasterxml/jackson/core/jackson-annotations/2.11.3/jackson-annotations-2.11.3.jar:/Users/ivanvelchev/.m2/repository/com/fasterxml/jackson/core/jackson-core/2.11.3/jackson-core-2.11.3.jar:/Users/ivanvelchev/.m2/repository/org/apache/tika/tika-core/1.24.1/tika-core-1.24.1.jar:/Users/ivanvelchev/.m2/repository/org/jooq/joor-java-8/0.9.13/joor-java-8-0.9.13.jar:"/>
    <property name="allure.results.directory" value="target/allure-results"/>
    <property name="sun.cpu.endian" value="little"/>
    <property name="user.home" value="/Users/ivanvelchev"/>
    <property name="user.language" value="en"/>
    <property name="java.specification.vendor" value="Oracle Corporation"/>
    <property name="java.version.date" value="2024-09-17"/>
    <property name="java.home" value="/Users/ivanvelchev/Library/Java/JavaVirtualMachines/openjdk-23/Contents/Home"/>
    <property name="file.separator" value="/"/>
    <property name="basedir" value="/Users/ivanvelchev/Downloads/Social-Network-Project-main-2/Demo-Social-Network-Project-main-3/REST Assured - A61-TEAM I"/>
    <property name="java.vm.compressedOopsMode" value="Zero based"/>
    <property name="line.separator" value="&#10;"/>
    <property name="java.vm.specification.vendor" value="Oracle Corporation"/>
    <property name="java.specification.name" value="Java Platform API Specification"/>
    <property name="apple.awt.application.name" value="ForkedBooter"/>
    <property name="surefire.real.class.path" value="/Users/ivanvelchev/Downloads/Social-Network-Project-main-2/Demo-Social-Network-Project-main-3/REST Assured - A61-TEAM I/target/surefire/surefirebooter7700540244052275328.jar"/>
    <property name="sun.management.compiler" value="HotSpot 64-Bit Tiered Compilers"/>
    <property name="ftp.nonProxyHosts" value="local|*.local|169.254/16|*.169.254/16"/>
    <property name="java.runtime.version" value="23+37-2369"/>
    <property name="user.name" value="ivanvelchev"/>
    <property name="stdout.encoding" value="UTF-8"/>
    <property name="path.separator" value=":"/>
    <property name="os.version" value="14.6.1"/>
    <property name="java.runtime.name" value="OpenJDK Runtime Environment"/>
    <property name="file.encoding" value="UTF-8"/>
    <property name="java.vm.name" value="OpenJDK 64-Bit Server VM"/>
    <property name="localRepository" value="/Users/ivanvelchev/.m2/repository"/>
    <property name="java.vendor.url.bug" value="https://bugreport.java.com/bugreport/"/>
    <property name="java.io.tmpdir" value="/var/folders/p1/rq9mg2312h1d2l57pghpfs4h0000gn/T/"/>
    <property name="java.version" value="23"/>
    <property name="user.dir" value="/Users/ivanvelchev/Downloads/Social-Network-Project-main-2/Demo-Social-Network-Project-main-3/REST Assured - A61-TEAM I"/>
    <property name="os.arch" value="aarch64"/>
    <property name="java.vm.specification.name" value="Java Virtual Machine Specification"/>
    <property name="native.encoding" value="UTF-8"/>
    <property name="java.library.path" value="/Users/ivanvelchev/Library/Java/Extensions:/Library/Java/Extensions:/Network/Library/Java/Extensions:/System/Library/Java/Extensions:/usr/lib/java:."/>
    <property name="java.vm.info" value="mixed mode, sharing"/>
    <property name="stderr.encoding" value="UTF-8"/>
    <property name="java.vendor" value="Oracle Corporation"/>
    <property name="java.vm.version" value="23+37-2369"/>
    <property name="sun.io.unicode.encoding" value="UnicodeBig"/>
    <property name="socksNonProxyHosts" value="local|*.local|169.254/16|*.169.254/16"/>
    <property name="java.class.version" value="67.0"/>
  </properties>
  <testcase name="testCreateUser" classname="baseTests.CreateUsers" time="0.531">
    <system-out><![CDATA[21:20:55.738 [main] DEBUG org.testng.TestNG - suiteXmlPath: "/Users/ivanvelchev/Downloads/Social-Network-Project-main-2/Demo-Social-Network-Project-main-3/REST Assured - A61-TEAM I/src/test/resources/main-suite.xml"
21:20:55.816 [main] WARN org.testng.TestNG - Ignoring duplicate listener : io.qameta.allure.testng.AllureTestNg
21:20:55.816 [main] WARN org.testng.TestNG - Ignoring duplicate listener : io.qameta.allure.testng.AllureTestNg
21:20:55.816 [main] WARN org.testng.TestNG - Ignoring duplicate listener : io.qameta.allure.testng.AllureTestNg
User with name Van and id 245 was created
Extracted userId: &amp#27;[32m245&amp#27;[0m
]]></system-out>
  </testcase>
  <testcase name="testLogIn" classname="baseTests.CreateUsers" time="0.072">
    <system-out><![CDATA[
&amp#27;[32m LogIn User 1 &amp#27;[0m - JSESSIONID: D739E9EC785353A62661CF454AB2F286

]]></system-out>
  </testcase>
  <testcase name="testUpdateUserPersonalInfo" classname="baseTests.CreateUsers" time="0.189">
    <system-out><![CDATA[Update User Personal Info
{
    "id": 245,
    "firstName": "Loreta",
    "lastName": "Caitlyn",
    "sex": "MALE",
    "location": null,
    "birthYear": "1876-01-01",
    "personalReview": null,
    "memberSince": "11/11/2024",
    "picturePrivacy": false
}

]]></system-out>
  </testcase>
  <testcase name="testCreateUser2" classname="baseTests.CreateUsers" time="0.075">
    <system-out><![CDATA[User with name Corinne and id 246 was created
Extracted userId: &amp#27;[32m246&amp#27;[0m

]]></system-out>
  </testcase>
  <testcase name="testGetAllUsers" classname="baseTests.CreateUsers" time="0.042">
    <system-out><![CDATA[User: &amp#27;[32mVan&amp#27;[0m
User: &amp#27;[32mCorinne&amp#27;[0m

----------------------------------

]]></system-out>
  </testcase>
  <testcase name="testCreateUser" classname="baseTests.FriendRequest" time="0.066">
    <system-out><![CDATA[User with name Waldo and id 247 was created
Extracted userId: &amp#27;[32m247&amp#27;[0m
]]></system-out>
  </testcase>
  <testcase name="testLogIn" classname="baseTests.FriendRequest" time="0.082">
    <system-out><![CDATA[
&amp#27;[32m LogIn User 1 &amp#27;[0m - JSESSIONID: A12D394D18D318BB906BAD2C9C38A400

]]></system-out>
  </testcase>
  <testcase name="testCreateUser2" classname="baseTests.FriendRequest" time="0.097">
    <system-out><![CDATA[User with name Emmanuel and id 248 was created
Extracted userId: &amp#27;[32m248&amp#27;[0m

]]></system-out>
  </testcase>
  <testcase name="testSendRequest" classname="baseTests.FriendRequest" time="0.014">
    <system-out><![CDATA[Waldo send friend request to Emmanuel
]]></system-out>
  </testcase>
  <testcase name="testLogInUser2" classname="baseTests.FriendRequest" time="0.061">
    <system-out><![CDATA[
&amp#27;[32m LogIn User 2 &amp#27;[0m -  JSESSIONID: 37B743B60FD4B5ACBA4CF282137A4317

]]></system-out>
  </testcase>
  <testcase name="testGetRequestUser2" classname="baseTests.FriendRequest" time="0.02">
    <system-out><![CDATA[Extracted request ID: &amp#27;[32m50&amp#27;[0m

]]></system-out>
  </testcase>
  <testcase name="testApproveRequest" classname="baseTests.FriendRequest" time="0.011">
    <system-out><![CDATA[Emmanuel approved request of Waldo

----------------------------------

]]></system-out>
  </testcase>
  <testcase name="testCreateUser" classname="baseTests.CreatePost" time="0.062">
    <system-out><![CDATA[User with name Vannesa and id 249 was created
Extracted userId: &amp#27;[32m249&amp#27;[0m
]]></system-out>
  </testcase>
  <testcase name="testLogIn" classname="baseTests.CreatePost" time="0.062">
    <system-out><![CDATA[
&amp#27;[32m LogIn User 1 &amp#27;[0m - JSESSIONID: 7AEB55B53D3F997F326D0785EDA0DFF1

]]></system-out>
  </testcase>
  <testcase name="testCreatePost" classname="baseTests.CreatePost" time="0.095">
    <system-out><![CDATA[Extracted Post ID: &amp#27;[32m133&amp#27;[0m
Post with title: &amp#27;[32mDemo title for Post&amp#27;[0m was created

]]></system-out>
  </testcase>
  <testcase name="testDeletePost" classname="baseTests.CreatePost" time="0.018">
    <system-out><![CDATA[Post with id: &amp#27;[32m133&amp#27;[0m was deleted

----------------------------------

]]></system-out>
  </testcase>
  <testcase name="testCreateUser" classname="baseTests.CreateComment" time="0.065">
    <system-out><![CDATA[User with name Tai and id 250 was created
Extracted userId: &amp#27;[32m250&amp#27;[0m
]]></system-out>
  </testcase>
  <testcase name="testLogIn" classname="baseTests.CreateComment" time="0.06">
    <system-out><![CDATA[
&amp#27;[32m LogIn User 1 &amp#27;[0m - JSESSIONID: DBBC5F6ACE394AFFA3383AECCB445EAF

]]></system-out>
  </testcase>
  <testcase name="testCreatePost" classname="baseTests.CreateComment" time="0.034">
    <system-out><![CDATA[Extracted Post ID: &amp#27;[32m134&amp#27;[0m
Post with title: &amp#27;[32mDemo title for Post&amp#27;[0m was created

]]></system-out>
  </testcase>
  <testcase name="testCreateUser2" classname="baseTests.CreateComment" time="0.063">
    <system-out><![CDATA[User with name Callie and id 251 was created
Extracted userId: &amp#27;[32m251&amp#27;[0m

]]></system-out>
  </testcase>
  <testcase name="testLogInUser2" classname="baseTests.CreateComment" time="0.055">
    <system-out><![CDATA[
&amp#27;[32m LogIn User 2 &amp#27;[0m -  JSESSIONID: 679DE5ABA5B23EE25EDE811314E7FD7D

]]></system-out>
  </testcase>
  <testcase name="testCreateCommentPost" classname="baseTests.CreateComment" time="0.046">
    <system-out><![CDATA[Saved Comment ID: &amp#27;[32m142&amp#27;[0m

]]></system-out>
  </testcase>
  <testcase name="testDeletePost" classname="baseTests.CreateComment" time="0.011">
    <system-out><![CDATA[Post with id: &amp#27;[32m134&amp#27;[0m was deleted

----------------------------------

]]></system-out>
  </testcase>
  <testcase name="testCreateUser" classname="baseTests.LikePost" time="0.069">
    <system-out><![CDATA[User with name Jesse and id 252 was created
Extracted userId: &amp#27;[32m252&amp#27;[0m
]]></system-out>
  </testcase>
  <testcase name="testLogIn" classname="baseTests.LikePost" time="0.174">
    <system-out><![CDATA[
&amp#27;[32m LogIn User 1 &amp#27;[0m - JSESSIONID: C6BE4761A76E241F57D0967F9081BDE4

]]></system-out>
  </testcase>
  <testcase name="testCreatePost" classname="baseTests.LikePost" time="0.069">
    <system-out><![CDATA[Extracted Post ID: &amp#27;[32m135&amp#27;[0m
Post with title: &amp#27;[32mDemo title for Post&amp#27;[0m was created

]]></system-out>
  </testcase>
  <testcase name="testCreateUser2" classname="baseTests.LikePost" time="0.066">
    <system-out><![CDATA[User with name Arleen and id 253 was created
Extracted userId: &amp#27;[32m253&amp#27;[0m

]]></system-out>
  </testcase>
  <testcase name="testLogInUser2" classname="baseTests.LikePost" time="0.061">
    <system-out><![CDATA[
&amp#27;[32m LogIn User 2 &amp#27;[0m -  JSESSIONID: 30595DDDE09FF294B7E14A63801DE7C9

]]></system-out>
  </testcase>
  <testcase name="testCreateCommentPost" classname="baseTests.LikePost" time="0.041">
    <system-out><![CDATA[Saved Comment ID: &amp#27;[32m143&amp#27;[0m

]]></system-out>
  </testcase>
  <testcase name="testLikePost" classname="baseTests.LikePost" time="0.098">
    <system-out><![CDATA[Liked status: &amp#27;[32mtrue&amp#27;[0m
]]></system-out>
  </testcase>
  <testcase name="testDeletePost" classname="baseTests.LikePost" time="0.02">
    <system-out><![CDATA[Post with id: &amp#27;[32m135&amp#27;[0m was deleted

----------------------------------

]]></system-out>
  </testcase>
</testsuite>